<?xml version="1.0" encoding="UTF-8"?>
<testsuite xmlns:xsi="http://www.w3.org/2001/XMLSchema-instance" xsi:schemaLocation="https://maven.apache.org/surefire/maven-surefire-plugin/xsd/surefire-test-report.xsd" name="runner.RunnerTest" time="2.566" tests="7" errors="0" skipped="0" failures="0">
  <properties>
[...]
</properties>
  <testcase name="Realiza Consulta Cep" classname="Get CEP" time="0.545"/>
  <testcase name="Valida Logradouro Cep" classname="Get CEP" time="0.031"/>
  <testcase name="Valida Bairro Cep" classname="Get CEP" time="0"/>
  <testcase name="Valida Status Code Cep" classname="Get CEP" time="0"/>
  <testcase name="Valida Quantidade Caracteres do Cep" classname="Get CEP" time="0.018"/>
  <testcase name="Realiza Consulta Cep com Esquema CEP 1" classname="Get CEP" time="0.021"/>
  <testcase name="Realiza Consulta Cep com Esquema CEP 2" classname="Get CEP" time="0.016"/>
</testsuite>